<?xml version="1.0" encoding="UTF-8"?>
<!-- Generated by org.testng.reporters.JUnitXMLReporter -->
<testsuite ignored="0" hostname="QB-TP3-3076" failures="1" tests="3" name="Test" time="6.881" errors="0" timestamp="2025-05-20T09:54:15 IST">
  <testcase classname="test_script.login" name="login_test" time="0.508"/>
  <testcase classname="test_script.AdminUser_test" name="adminuserisaddedsuccessfully" time="1.312"/>
  <testcase classname="test_script.Managenews_test" name="ismessagesavedintextbox" time="0.001">
    <failure type="java.lang.Error" message="Unresolved compilation problem: 
	The method assertTrue(String, boolean) in the type AssertJUnit is not applicable for the arguments (boolean, String)
">
      <![CDATA[java.lang.Error: Unresolved compilation problem: 
The method assertTrue(String, boolean) in the type AssertJUnit is not applicable for the arguments (boolean, String)

at test_script.Managenews_test.ismessagesavedintextbox(Managenews_test.java:42)
at java.base/java.util.ArrayList.forEach(ArrayList.java:1511)
... Removed 27 stack frames]]>
    </failure>
  </testcase> <!-- ismessagesavedintextbox -->
</testsuite> <!-- Test -->
