<?xml version="1.0" encoding="UTF-8"?>
<!-- Generated by org.testng.reporters.JUnitXMLReporter -->
<testsuite ignored="0" hostname="QB-TP3-3076" failures="1" tests="1" name="Chrometest" time="1.329" errors="0" timestamp="2025-05-20T10:38:59 IST">
  <testcase classname="test_script.Managenews_test" name="ismessagesavedintextbox" time="0.006">
    <failure type="java.lang.Error" message="Unresolved compilation problem: 
	The method assertTrue(String, boolean) in the type AssertJUnit is not applicable for the arguments (boolean, String)
">
      <![CDATA[java.lang.Error: Unresolved compilation problem: 
The method assertTrue(String, boolean) in the type AssertJUnit is not applicable for the arguments (boolean, String)

at test_script.Managenews_test.ismessagesavedintextbox(Managenews_test.java:42)
at java.base/java.util.ArrayList.forEach(ArrayList.java:1511)
... Removed 27 stack frames]]>
    </failure>
  </testcase> <!-- ismessagesavedintextbox -->
</testsuite> <!-- Chrometest -->
