<?xml version="1.0" encoding="UTF-8"?>
<testng-results ignored="0" total="1" passed="1" failed="0" skipped="0">
  <reporter-output>
  </reporter-output>
  <suite started-at="2025-06-18T14:52:23 IST" name="Default suite" finished-at="2025-06-18T14:52:26 IST" duration-ms="2721">
    <groups>
    </groups>
    <test started-at="2025-06-18T14:52:23 IST" name="Default test" finished-at="2025-06-18T14:52:26 IST" duration-ms="2721">
      <class name="test_script.Manage_footer_test">
        <test-method is-config="true" signature="browser_initilization(java.lang.String)[pri:0, instance:test_script.Manage_footer_test@55b7a4e0]" started-at="2025-06-18T14:52:23 IST" name="browser_initilization" finished-at="2025-06-18T14:52:24 IST" duration-ms="1439" status="PASS">
          <params>
            <param index="0">
              <value>
                <![CDATA[chrome]]>
              </value>
            </param>
          </params>
          <reporter-output>
          </reporter-output>
        </test-method> <!-- browser_initilization -->
        <test-method signature="isFooterTextCanBeEdited()[pri:0, instance:test_script.Manage_footer_test@55b7a4e0]" started-at="2025-06-18T14:52:24 IST" name="isFooterTextCanBeEdited" finished-at="2025-06-18T14:52:26 IST" duration-ms="1260" status="PASS">
          <reporter-output>
          </reporter-output>
        </test-method> <!-- isFooterTextCanBeEdited -->
        <test-method is-config="true" signature="driver_quit()[pri:0, instance:test_script.Manage_footer_test@55b7a4e0]" started-at="2025-06-18T14:52:26 IST" name="driver_quit" finished-at="2025-06-18T14:52:26 IST" duration-ms="0" status="PASS">
          <reporter-output>
          </reporter-output>
        </test-method> <!-- driver_quit -->
      </class> <!-- test_script.Manage_footer_test -->
    </test> <!-- Default test -->
  </suite> <!-- Default suite -->
</testng-results>
